<?xml version="1.0" encoding="UTF-8"?>
<testng-results ignored="0" total="1" passed="1" failed="0" skipped="0">
  <reporter-output>
  </reporter-output>
  <suite started-at="2024-02-15T13:04:37 IST" name="Default suite" finished-at="2024-02-15T13:05:14 IST" duration-ms="37383">
    <groups>
    </groups>
    <test started-at="2024-02-15T13:04:37 IST" name="Default test" finished-at="2024-02-15T13:05:14 IST" duration-ms="37383">
      <class name="runner.runner1">
        <test-method is-config="true" signature="openApp()[pri:0, instance:runner.runner1@32ee6fee]" started-at="2024-02-15T13:04:37 IST" name="openApp" finished-at="2024-02-15T13:05:06 IST" duration-ms="29824" status="PASS">
          <reporter-output>
          </reporter-output>
        </test-method> <!-- openApp -->
        <test-method signature="run()[pri:0, instance:runner.runner1@32ee6fee]" started-at="2024-02-15T13:05:06 IST" name="run" finished-at="2024-02-15T13:05:13 IST" duration-ms="7109" status="PASS">
          <reporter-output>
          </reporter-output>
        </test-method> <!-- run -->
        <test-method is-config="true" signature="closeApp()[pri:0, instance:runner.runner1@32ee6fee]" started-at="2024-02-15T13:05:13 IST" name="closeApp" finished-at="2024-02-15T13:05:14 IST" duration-ms="384" status="PASS">
          <reporter-output>
          </reporter-output>
        </test-method> <!-- closeApp -->
      </class> <!-- runner.runner1 -->
    </test> <!-- Default test -->
  </suite> <!-- Default suite -->
</testng-results>
